<?xml version="1.0" encoding="UTF-8"?>
<!-- Generated by org.testng.reporters.JUnitReportReporter -->
<testsuite hostname="THSCP10028" name="com.testhouse.training.GeneralFunctions" tests="2" failures="0" timestamp="14 Nov 2016 05:29:55 GMT" time="0.015" errors="0">
  <testcase name="printOutput" time="0.004" classname="com.testhouse.training.GeneralFunctions"/>
  <testcase name="printIn2" time="0.011" classname="com.testhouse.training.GeneralFunctions"/>
</testsuite> <!-- com.testhouse.training.GeneralFunctions -->
